make RIOT_CI_BUILD=1 CC_NOCOLOR=1 --no-print-directory -C /builds/tmp/RIOT/tests/xtimer_now64_continuity clean all --jobs
Launching build container using image "riot/riotbuild:latest".
docker run --rm -t -u "$(id -u)" \
    -v '/usr/share/zoneinfo/Europe/Paris:/etc/localtime:ro' -v '/builds/tmp/RIOT:/data/riotbuild/riotbase:delegated' -e 'RIOTBASE=/data/riotbuild/riotbase' -e 'CCACHE_BASEDIR=/data/riotbuild/riotbase' -e 'BUILD_DIR=/data/riotbuild/riotbase/build' -e 'RIOTPROJECT=/data/riotbuild/riotbase' -e 'RIOTCPU=/data/riotbuild/riotbase/cpu' -e 'RIOTBOARD=/data/riotbuild/riotbase/boards' -e 'RIOTMAKE=/data/riotbuild/riotbase/makefiles' -v '/home/ci/.gitcache:/data/riotbuild/gitcache:delegated' -e 'GIT_CACHE_DIR=/data/riotbuild/gitcache'    \
    -e USEMODULE+=ztimer --env BOARD=arduino-uno -e 'BOARD=arduino-uno' -e 'CC_NOCOLOR=1' -e 'RIOT_CI_BUILD=1' \
    -w '/data/riotbuild/riotbase/tests/xtimer_now64_continuity/' \
    'riot/riotbuild:latest' make all -j 'CC_NOCOLOR=1' 'RIOT_CI_BUILD=1'  
Building application "tests_xtimer_now64_continuity" for "arduino-uno" with MCU "atmega328p".

[01m[K/data/riotbuild/riotbase/tests/xtimer_now64_continuity/main.c:[m[K In function â€˜[01m[Kmain[m[Kâ€™:
[01m[K/data/riotbuild/riotbase/tests/xtimer_now64_continuity/main.c:41:33:[m[K [01;31m[Kerror: [m[Kimplicit declaration of function â€˜[01m[Kxtimer_diff64[m[Kâ€™ [-Werror=implicit-function-declaration]
         xtimer_ticks64_t diff = xtimer_diff64(now, before);
[01;32m[K                                 ^[m[K
[01m[K/data/riotbuild/riotbase/tests/xtimer_now64_continuity/main.c:42:17:[m[K [01;31m[Kerror: [m[Krequest for member â€˜[01m[Kticks64[m[Kâ€™ in something not a structure or union
         if (diff.ticks64 > diff_max) {
[01;32m[K                 ^[m[K
[01m[K/data/riotbuild/riotbase/tests/xtimer_now64_continuity/main.c:43:28:[m[K [01;31m[Kerror: [m[Krequest for member â€˜[01m[Kticks64[m[Kâ€™ in something not a structure or union
             diff_max = diff.ticks64;
[01;32m[K                            ^[m[K
[01m[K/data/riotbuild/riotbase/tests/xtimer_now64_continuity/main.c:45:17:[m[K [01;31m[Kerror: [m[Krequest for member â€˜[01m[Kticks64[m[Kâ€™ in something not a structure or union
         if (diff.ticks64 < diff_min) {
[01;32m[K                 ^[m[K
[01m[K/data/riotbuild/riotbase/tests/xtimer_now64_continuity/main.c:46:28:[m[K [01;31m[Kerror: [m[Krequest for member â€˜[01m[Kticks64[m[Kâ€™ in something not a structure or union
             diff_min = diff.ticks64;
[01;32m[K                            ^[m[K
[01m[K/data/riotbuild/riotbase/tests/xtimer_now64_continuity/main.c:48:25:[m[K [01;31m[Kerror: [m[Krequest for member â€˜[01m[Kticks64[m[Kâ€™ in something not a structure or union
         diff_sum += diff.ticks64;
[01;32m[K                         ^[m[K
[01m[K/data/riotbuild/riotbase/tests/xtimer_now64_continuity/main.c:41:26:[m[K [01;31m[Kerror: [m[Kvariable â€˜[01m[Kdiff[m[Kâ€™ set but not used [-Werror=unused-but-set-variable]
         xtimer_ticks64_t diff = xtimer_diff64(now, before);
[01;32m[K                          ^[m[K
cc1: all warnings being treated as errors
/data/riotbuild/riotbase/Makefile.base:103: recipe for target '/data/riotbuild/riotbase/tests/xtimer_now64_continuity/bin/arduino-uno/application_tests_xtimer_now64_continuity/main.o' failed
make[1]: *** [/data/riotbuild/riotbase/tests/xtimer_now64_continuity/bin/arduino-uno/application_tests_xtimer_now64_continuity/main.o] Error 1
make[1]: *** Waiting for unfinished jobs....
/data/riotbuild/riotbase/Makefile.include:540: recipe for target '/data/riotbuild/riotbase/tests/xtimer_now64_continuity/bin/arduino-uno/application_tests_xtimer_now64_continuity.a' failed
make: *** [/data/riotbuild/riotbase/tests/xtimer_now64_continuity/bin/arduino-uno/application_tests_xtimer_now64_continuity.a] Error 2
/builds/tmp/RIOT/makefiles/docker.inc.mk:285: recipe for target '..in-docker-container' failed
make: *** [..in-docker-container] Error 2

Return value: 2
