make RIOT_CI_BUILD=1 CC_NOCOLOR=1 --no-print-directory -C /builds/tmp/RIOT/tests/xtimer_mutex_lock_timeout clean all --jobs
Launching build container using image "riot/riotbuild:latest".
docker run --rm -t -u "$(id -u)" \
    -v '/usr/share/zoneinfo/Europe/Paris:/etc/localtime:ro' -v '/builds/tmp/RIOT:/data/riotbuild/riotbase:delegated' -e 'RIOTBASE=/data/riotbuild/riotbase' -e 'CCACHE_BASEDIR=/data/riotbuild/riotbase' -e 'BUILD_DIR=/data/riotbuild/riotbase/build' -e 'RIOTPROJECT=/data/riotbuild/riotbase' -e 'RIOTCPU=/data/riotbuild/riotbase/cpu' -e 'RIOTBOARD=/data/riotbuild/riotbase/boards' -e 'RIOTMAKE=/data/riotbuild/riotbase/makefiles' -v '/home/ci/.gitcache:/data/riotbuild/gitcache:delegated' -e 'GIT_CACHE_DIR=/data/riotbuild/gitcache'    \
    -e USEMODULE+=ztimer --env BOARD=nucleo-l152re -e 'BOARD=nucleo-l152re' -e 'CC_NOCOLOR=1' -e 'RIOT_CI_BUILD=1' \
    -w '/data/riotbuild/riotbase/tests/xtimer_mutex_lock_timeout/' \
    'riot/riotbuild:latest' make all -j 'CC_NOCOLOR=1' 'RIOT_CI_BUILD=1'  
Building application "tests_xtimer_mutex_lock_timeout" for "nucleo-l152re" with MCU "stm32l1".

[01m[K/data/riotbuild/riotbase/tests/xtimer_mutex_lock_timeout/main.c:[m[K In function '[01m[Kcmd_test_xtimer_mutex_lock_timeout_long_unlocked[m[K':
[01m[K/data/riotbuild/riotbase/tests/xtimer_mutex_lock_timeout/main.c:125:9:[m[K [01;31m[Kerror: [m[Kimplicit declaration of function '[01m[Kxtimer_mutex_lock_timeout[m[K'; did you mean '[01m[Kxtimer_msg_receive_timeout[m[K'? [[01;31m[K-Werror=implicit-function-declaration[m[K]
     if ([01;31m[Kxtimer_mutex_lock_timeout[m[K(&test_mutex, LONG_MUTEX_TIMEOUT) == 0) {
         [01;31m[K^~~~~~~~~~~~~~~~~~~~~~~~~[m[K
         [32m[Kxtimer_msg_receive_timeout[m[K
cc1: all warnings being treated as errors
/data/riotbuild/riotbase/Makefile.base:103: recipe for target '/data/riotbuild/riotbase/tests/xtimer_mutex_lock_timeout/bin/nucleo-l152re/application_tests_xtimer_mutex_lock_timeout/main.o' failed
make[1]: *** [/data/riotbuild/riotbase/tests/xtimer_mutex_lock_timeout/bin/nucleo-l152re/application_tests_xtimer_mutex_lock_timeout/main.o] Error 1
make[1]: *** Waiting for unfinished jobs....
/data/riotbuild/riotbase/Makefile.include:540: recipe for target '/data/riotbuild/riotbase/tests/xtimer_mutex_lock_timeout/bin/nucleo-l152re/application_tests_xtimer_mutex_lock_timeout.a' failed
make: *** [/data/riotbuild/riotbase/tests/xtimer_mutex_lock_timeout/bin/nucleo-l152re/application_tests_xtimer_mutex_lock_timeout.a] Error 2
/builds/tmp/RIOT/makefiles/docker.inc.mk:285: recipe for target '..in-docker-container' failed
make: *** [..in-docker-container] Error 2

Return value: 2
