make RIOT_CI_BUILD=1 CC_NOCOLOR=1 --no-print-directory -C /builds/workspace/RIOT.git/tests/xtimer_now64_continuity clean all --jobs
Launching build container using image "riot/riotbuild:latest".
docker run --rm -t -u "$(id -u)" \
    -v '/usr/share/zoneinfo/Europe/Paris:/etc/localtime:ro' -v '/builds/workspace/RIOT.git:/data/riotbuild/riotbase:delegated' -e 'RIOTBASE=/data/riotbuild/riotbase' -e 'CCACHE_BASEDIR=/data/riotbuild/riotbase' -e 'BUILD_DIR=/data/riotbuild/riotbase/build' -e 'RIOTPROJECT=/data/riotbuild/riotbase' -e 'RIOTCPU=/data/riotbuild/riotbase/cpu' -e 'RIOTBOARD=/data/riotbuild/riotbase/boards' -e 'RIOTMAKE=/data/riotbuild/riotbase/makefiles' -v '/home/ci/.gitcache:/data/riotbuild/gitcache:delegated' -e 'GIT_CACHE_DIR=/data/riotbuild/gitcache'    \
    -e USEMODULE="ztimer ztimer_xtimer_compat" --env BOARD=z1 -e 'BOARD=z1' -e 'CC_NOCOLOR=1' -e 'RIOT_CI_BUILD=1' -e 'RIOT_VERSION=riot/pr/11874' \
    -w '/data/riotbuild/riotbase/tests/xtimer_now64_continuity/' \
    'riot/riotbuild:latest' make all -j 'CC_NOCOLOR=1' 'RIOT_CI_BUILD=1'  
Building application "tests_xtimer_now64_continuity" for "z1" with MCU "msp430fxyz".

/data/riotbuild/riotbase/tests/xtimer_now64_continuity/main.c: In function ‘main’:
/data/riotbuild/riotbase/tests/xtimer_now64_continuity/main.c:41:9: error: implicit declaration of function ‘xtimer_diff64’ [-Werror=implicit-function-declaration]
/data/riotbuild/riotbase/tests/xtimer_now64_continuity/main.c:42:17: error: request for member ‘ticks64’ in something not a structure or union
/data/riotbuild/riotbase/tests/xtimer_now64_continuity/main.c:43:28: error: request for member ‘ticks64’ in something not a structure or union
/data/riotbuild/riotbase/tests/xtimer_now64_continuity/main.c:45:17: error: request for member ‘ticks64’ in something not a structure or union
/data/riotbuild/riotbase/tests/xtimer_now64_continuity/main.c:46:28: error: request for member ‘ticks64’ in something not a structure or union
/data/riotbuild/riotbase/tests/xtimer_now64_continuity/main.c:48:25: error: request for member ‘ticks64’ in something not a structure or union
/data/riotbuild/riotbase/tests/xtimer_now64_continuity/main.c:41:26: error: variable ‘diff’ set but not used [-Werror=unused-but-set-variable]
cc1: all warnings being treated as errors
/data/riotbuild/riotbase/Makefile.base:110: recipe for target '/data/riotbuild/riotbase/tests/xtimer_now64_continuity/bin/z1/application_tests_xtimer_now64_continuity/main.o' failed
make[1]: *** [/data/riotbuild/riotbase/tests/xtimer_now64_continuity/bin/z1/application_tests_xtimer_now64_continuity/main.o] Error 1
make[1]: *** Waiting for unfinished jobs....
/data/riotbuild/riotbase/Makefile.include:541: recipe for target '/data/riotbuild/riotbase/tests/xtimer_now64_continuity/bin/z1/application_tests_xtimer_now64_continuity.a' failed
make: *** [/data/riotbuild/riotbase/tests/xtimer_now64_continuity/bin/z1/application_tests_xtimer_now64_continuity.a] Error 2
/builds/workspace/RIOT.git/makefiles/docker.inc.mk:285: recipe for target '..in-docker-container' failed
make: *** [..in-docker-container] Error 2

Return value: 2
