make RIOT_CI_BUILD=1 CC_NOCOLOR=1 --no-print-directory -C /builds/workspace/RIOT.git/examples/suit_update test
make -C ethos
make[2]: Nothing to be done for 'all'.
make -C uhcpd
make[2]: Nothing to be done for 'all'.
/bin/sh: 1: exec: aiocoap-fileserver: not found
make -C ethos
make[3]: Nothing to be done for 'all'.
make -C uhcpd
make[3]: Nothing to be done for 'all'.
/builds/workspace/RIOT.git/dist/tools/ethos/ethos riot0 /dev/riot/tty-frdm-k64f
ioctl(TUNSETIFF): Operation not permitted
/builds/workspace/RIOT.git/Makefile.include:690: recipe for target 'cleanterm' failed
make[1]: *** [cleanterm] Error 1
Unexpected end of file in expect script at "child.expect(r"Image Version: (?P<app_ver>0x[0-9a-fA-F:]+)\r\n")" (examples/suit_update/tests/01-run.py:132)

Process already stopped
/builds/workspace/RIOT.git/examples/suit_update/../../Makefile.include:735: recipe for target 'test' failed
make: *** [test] Error 1

Return value: 2
